nohup: ignoring input
Swagger: skipping unknown type "org.acme.shipping.perishable.Case".
Swagger: skipping unknown type "org.acme.shipping.perishable.Business".
Swagger: skipping unknown type "org.acme.shipping.perishable.Order".
Swagger: skipping unknown type "org.acme.shipping.perishable.Contract".
Swagger: skipping unknown type "org.acme.shipping.perishable.Case".
Swagger: skipping unknown type "org.acme.shipping.perishable.Business".
Swagger: skipping unknown type "org.acme.shipping.perishable.Order".
Swagger: skipping unknown type "org.acme.shipping.perishable.Contract".
Swagger: skipping unknown type "org.acme.shipping.perishable.Case".
Swagger: skipping unknown type "org.acme.shipping.perishable.Business".
Swagger: skipping unknown type "org.acme.shipping.perishable.Order".
Swagger: skipping unknown type "org.acme.shipping.perishable.Contract".
Swagger: skipping unknown type "org.acme.shipping.perishable.Case".
Swagger: skipping unknown type "org.acme.shipping.perishable.Business".
Swagger: skipping unknown type "org.acme.shipping.perishable.Order".
Swagger: skipping unknown type "org.acme.shipping.perishable.Contract".
Swagger: skipping unknown type "org.acme.shipping.perishable.Case".
Swagger: skipping unknown type "org.acme.shipping.perishable.Business".
Swagger: skipping unknown type "org.acme.shipping.perishable.Order".
Swagger: skipping unknown type "org.acme.shipping.perishable.Contract".
Swagger: skipping unknown type "org.acme.shipping.perishable.Case".
Swagger: skipping unknown type "org.acme.shipping.perishable.Business".
Swagger: skipping unknown type "org.acme.shipping.perishable.Order".
Swagger: skipping unknown type "org.acme.shipping.perishable.Contract".
Swagger: skipping unknown type "org.acme.shipping.perishable.Case".
Swagger: skipping unknown type "org.acme.shipping.perishable.Business".
Swagger: skipping unknown type "org.acme.shipping.perishable.Order".
Swagger: skipping unknown type "org.acme.shipping.perishable.Contract".
Swagger: skipping unknown type "org.acme.shipping.perishable.Case".
Swagger: skipping unknown type "org.acme.shipping.perishable.Business".
Swagger: skipping unknown type "org.acme.shipping.perishable.Order".
Swagger: skipping unknown type "org.acme.shipping.perishable.Contract".
Swagger: skipping unknown type "org.acme.shipping.perishable.Case".
Swagger: skipping unknown type "org.acme.shipping.perishable.Business".
Swagger: skipping unknown type "org.acme.shipping.perishable.Order".
Swagger: skipping unknown type "org.acme.shipping.perishable.Contract".
Swagger: skipping unknown type "org.acme.shipping.perishable.Case".
Swagger: skipping unknown type "org.acme.shipping.perishable.Business".
Swagger: skipping unknown type "org.acme.shipping.perishable.Order".
Swagger: skipping unknown type "org.acme.shipping.perishable.Contract".
Swagger: skipping unknown type "org.acme.shipping.perishable.Case".
Swagger: skipping unknown type "org.acme.shipping.perishable.Business".
Swagger: skipping unknown type "org.acme.shipping.perishable.Order".
Swagger: skipping unknown type "org.acme.shipping.perishable.Contract".
Swagger: skipping unknown type "org.acme.shipping.perishable.Case".
Swagger: skipping unknown type "org.acme.shipping.perishable.Business".
Swagger: skipping unknown type "org.acme.shipping.perishable.Order".
Swagger: skipping unknown type "org.acme.shipping.perishable.Contract".
Swagger: skipping unknown type "org.acme.shipping.perishable.Case".
Swagger: skipping unknown type "org.acme.shipping.perishable.Business".
Swagger: skipping unknown type "org.acme.shipping.perishable.Order".
Swagger: skipping unknown type "org.acme.shipping.perishable.Contract".
Swagger: skipping unknown type "org.acme.shipping.perishable.Case".
Swagger: skipping unknown type "org.acme.shipping.perishable.Business".
Swagger: skipping unknown type "org.acme.shipping.perishable.Order".
Swagger: skipping unknown type "org.acme.shipping.perishable.Contract".
Unhandled error for request GET /bootstrap.min.css.map: Error: Cannot GET /bootstrap.min.css.map
    at raiseUrlNotFoundError (/home/ubuntu/.nvm/versions/node/v8.11.1/lib/node_modules/composer-rest-server/node_modules/loopback/server/middleware/url-not-found.js:21:17)
    at Layer.handle [as handle_request] (/home/ubuntu/.nvm/versions/node/v8.11.1/lib/node_modules/composer-rest-server/node_modules/express/lib/router/layer.js:95:5)
    at trim_prefix (/home/ubuntu/.nvm/versions/node/v8.11.1/lib/node_modules/composer-rest-server/node_modules/express/lib/router/index.js:317:13)
    at /home/ubuntu/.nvm/versions/node/v8.11.1/lib/node_modules/composer-rest-server/node_modules/express/lib/router/index.js:284:7
    at Function.process_params (/home/ubuntu/.nvm/versions/node/v8.11.1/lib/node_modules/composer-rest-server/node_modules/express/lib/router/index.js:335:12)
    at next (/home/ubuntu/.nvm/versions/node/v8.11.1/lib/node_modules/composer-rest-server/node_modules/express/lib/router/index.js:275:10)
    at /home/ubuntu/.nvm/versions/node/v8.11.1/lib/node_modules/composer-rest-server/node_modules/express/lib/router/index.js:635:15
    at next (/home/ubuntu/.nvm/versions/node/v8.11.1/lib/node_modules/composer-rest-server/node_modules/express/lib/router/index.js:260:14)
    at Function.handle (/home/ubuntu/.nvm/versions/node/v8.11.1/lib/node_modules/composer-rest-server/node_modules/express/lib/router/index.js:174:3)
    at router (/home/ubuntu/.nvm/versions/node/v8.11.1/lib/node_modules/composer-rest-server/node_modules/express/lib/router/index.js:47:12)
    at Layer.handle [as handle_request] (/home/ubuntu/.nvm/versions/node/v8.11.1/lib/node_modules/composer-rest-server/node_modules/express/lib/router/layer.js:95:5)
    at trim_prefix (/home/ubuntu/.nvm/versions/node/v8.11.1/lib/node_modules/composer-rest-server/node_modules/express/lib/router/index.js:317:13)
    at /home/ubuntu/.nvm/versions/node/v8.11.1/lib/node_modules/composer-rest-server/node_modules/express/lib/router/index.js:284:7
    at Function.process_params (/home/ubuntu/.nvm/versions/node/v8.11.1/lib/node_modules/composer-rest-server/node_modules/express/lib/router/index.js:335:12)
    at next (/home/ubuntu/.nvm/versions/node/v8.11.1/lib/node_modules/composer-rest-server/node_modules/express/lib/router/index.js:275:10)
    at urlencodedParser (/home/ubuntu/.nvm/versions/node/v8.11.1/lib/node_modules/composer-rest-server/node_modules/body-parser/lib/types/urlencoded.js:91:7)
Unhandled error for request GET /bootstrap.min.css.map: Error: Cannot GET /bootstrap.min.css.map
    at raiseUrlNotFoundError (/home/ubuntu/.nvm/versions/node/v8.11.1/lib/node_modules/composer-rest-server/node_modules/loopback/server/middleware/url-not-found.js:21:17)
    at Layer.handle [as handle_request] (/home/ubuntu/.nvm/versions/node/v8.11.1/lib/node_modules/composer-rest-server/node_modules/express/lib/router/layer.js:95:5)
    at trim_prefix (/home/ubuntu/.nvm/versions/node/v8.11.1/lib/node_modules/composer-rest-server/node_modules/express/lib/router/index.js:317:13)
    at /home/ubuntu/.nvm/versions/node/v8.11.1/lib/node_modules/composer-rest-server/node_modules/express/lib/router/index.js:284:7
    at Function.process_params (/home/ubuntu/.nvm/versions/node/v8.11.1/lib/node_modules/composer-rest-server/node_modules/express/lib/router/index.js:335:12)
    at next (/home/ubuntu/.nvm/versions/node/v8.11.1/lib/node_modules/composer-rest-server/node_modules/express/lib/router/index.js:275:10)
    at /home/ubuntu/.nvm/versions/node/v8.11.1/lib/node_modules/composer-rest-server/node_modules/express/lib/router/index.js:635:15
    at next (/home/ubuntu/.nvm/versions/node/v8.11.1/lib/node_modules/composer-rest-server/node_modules/express/lib/router/index.js:260:14)
    at Function.handle (/home/ubuntu/.nvm/versions/node/v8.11.1/lib/node_modules/composer-rest-server/node_modules/express/lib/router/index.js:174:3)
    at router (/home/ubuntu/.nvm/versions/node/v8.11.1/lib/node_modules/composer-rest-server/node_modules/express/lib/router/index.js:47:12)
    at Layer.handle [as handle_request] (/home/ubuntu/.nvm/versions/node/v8.11.1/lib/node_modules/composer-rest-server/node_modules/express/lib/router/layer.js:95:5)
    at trim_prefix (/home/ubuntu/.nvm/versions/node/v8.11.1/lib/node_modules/composer-rest-server/node_modules/express/lib/router/index.js:317:13)
    at /home/ubuntu/.nvm/versions/node/v8.11.1/lib/node_modules/composer-rest-server/node_modules/express/lib/router/index.js:284:7
    at Function.process_params (/home/ubuntu/.nvm/versions/node/v8.11.1/lib/node_modules/composer-rest-server/node_modules/express/lib/router/index.js:335:12)
    at next (/home/ubuntu/.nvm/versions/node/v8.11.1/lib/node_modules/composer-rest-server/node_modules/express/lib/router/index.js:275:10)
    at urlencodedParser (/home/ubuntu/.nvm/versions/node/v8.11.1/lib/node_modules/composer-rest-server/node_modules/body-parser/lib/types/urlencoded.js:91:7)
Unhandled error for request GET /bootstrap.min.css.map: Error: Cannot GET /bootstrap.min.css.map
    at raiseUrlNotFoundError (/home/ubuntu/.nvm/versions/node/v8.11.1/lib/node_modules/composer-rest-server/node_modules/loopback/server/middleware/url-not-found.js:21:17)
    at Layer.handle [as handle_request] (/home/ubuntu/.nvm/versions/node/v8.11.1/lib/node_modules/composer-rest-server/node_modules/express/lib/router/layer.js:95:5)
    at trim_prefix (/home/ubuntu/.nvm/versions/node/v8.11.1/lib/node_modules/composer-rest-server/node_modules/express/lib/router/index.js:317:13)
    at /home/ubuntu/.nvm/versions/node/v8.11.1/lib/node_modules/composer-rest-server/node_modules/express/lib/router/index.js:284:7
    at Function.process_params (/home/ubuntu/.nvm/versions/node/v8.11.1/lib/node_modules/composer-rest-server/node_modules/express/lib/router/index.js:335:12)
    at next (/home/ubuntu/.nvm/versions/node/v8.11.1/lib/node_modules/composer-rest-server/node_modules/express/lib/router/index.js:275:10)
    at /home/ubuntu/.nvm/versions/node/v8.11.1/lib/node_modules/composer-rest-server/node_modules/express/lib/router/index.js:635:15
    at next (/home/ubuntu/.nvm/versions/node/v8.11.1/lib/node_modules/composer-rest-server/node_modules/express/lib/router/index.js:260:14)
    at Function.handle (/home/ubuntu/.nvm/versions/node/v8.11.1/lib/node_modules/composer-rest-server/node_modules/express/lib/router/index.js:174:3)
    at router (/home/ubuntu/.nvm/versions/node/v8.11.1/lib/node_modules/composer-rest-server/node_modules/express/lib/router/index.js:47:12)
    at Layer.handle [as handle_request] (/home/ubuntu/.nvm/versions/node/v8.11.1/lib/node_modules/composer-rest-server/node_modules/express/lib/router/layer.js:95:5)
    at trim_prefix (/home/ubuntu/.nvm/versions/node/v8.11.1/lib/node_modules/composer-rest-server/node_modules/express/lib/router/index.js:317:13)
    at /home/ubuntu/.nvm/versions/node/v8.11.1/lib/node_modules/composer-rest-server/node_modules/express/lib/router/index.js:284:7
    at Function.process_params (/home/ubuntu/.nvm/versions/node/v8.11.1/lib/node_modules/composer-rest-server/node_modules/express/lib/router/index.js:335:12)
    at next (/home/ubuntu/.nvm/versions/node/v8.11.1/lib/node_modules/composer-rest-server/node_modules/express/lib/router/index.js:275:10)
    at urlencodedParser (/home/ubuntu/.nvm/versions/node/v8.11.1/lib/node_modules/composer-rest-server/node_modules/body-parser/lib/types/urlencoded.js:91:7)
Unhandled error for request GET /bootstrap.min.css.map: Error: Cannot GET /bootstrap.min.css.map
    at raiseUrlNotFoundError (/home/ubuntu/.nvm/versions/node/v8.11.1/lib/node_modules/composer-rest-server/node_modules/loopback/server/middleware/url-not-found.js:21:17)
    at Layer.handle [as handle_request] (/home/ubuntu/.nvm/versions/node/v8.11.1/lib/node_modules/composer-rest-server/node_modules/express/lib/router/layer.js:95:5)
    at trim_prefix (/home/ubuntu/.nvm/versions/node/v8.11.1/lib/node_modules/composer-rest-server/node_modules/express/lib/router/index.js:317:13)
    at /home/ubuntu/.nvm/versions/node/v8.11.1/lib/node_modules/composer-rest-server/node_modules/express/lib/router/index.js:284:7
    at Function.process_params (/home/ubuntu/.nvm/versions/node/v8.11.1/lib/node_modules/composer-rest-server/node_modules/express/lib/router/index.js:335:12)
    at next (/home/ubuntu/.nvm/versions/node/v8.11.1/lib/node_modules/composer-rest-server/node_modules/express/lib/router/index.js:275:10)
    at /home/ubuntu/.nvm/versions/node/v8.11.1/lib/node_modules/composer-rest-server/node_modules/express/lib/router/index.js:635:15
    at next (/home/ubuntu/.nvm/versions/node/v8.11.1/lib/node_modules/composer-rest-server/node_modules/express/lib/router/index.js:260:14)
    at Function.handle (/home/ubuntu/.nvm/versions/node/v8.11.1/lib/node_modules/composer-rest-server/node_modules/express/lib/router/index.js:174:3)
    at router (/home/ubuntu/.nvm/versions/node/v8.11.1/lib/node_modules/composer-rest-server/node_modules/express/lib/router/index.js:47:12)
    at Layer.handle [as handle_request] (/home/ubuntu/.nvm/versions/node/v8.11.1/lib/node_modules/composer-rest-server/node_modules/express/lib/router/layer.js:95:5)
    at trim_prefix (/home/ubuntu/.nvm/versions/node/v8.11.1/lib/node_modules/composer-rest-server/node_modules/express/lib/router/index.js:317:13)
    at /home/ubuntu/.nvm/versions/node/v8.11.1/lib/node_modules/composer-rest-server/node_modules/express/lib/router/index.js:284:7
    at Function.process_params (/home/ubuntu/.nvm/versions/node/v8.11.1/lib/node_modules/composer-rest-server/node_modules/express/lib/router/index.js:335:12)
    at next (/home/ubuntu/.nvm/versions/node/v8.11.1/lib/node_modules/composer-rest-server/node_modules/express/lib/router/index.js:275:10)
    at urlencodedParser (/home/ubuntu/.nvm/versions/node/v8.11.1/lib/node_modules/composer-rest-server/node_modules/body-parser/lib/types/urlencoded.js:91:7)
Unhandled error for request GET /bootstrap.min.css.map: Error: Cannot GET /bootstrap.min.css.map
    at raiseUrlNotFoundError (/home/ubuntu/.nvm/versions/node/v8.11.1/lib/node_modules/composer-rest-server/node_modules/loopback/server/middleware/url-not-found.js:21:17)
    at Layer.handle [as handle_request] (/home/ubuntu/.nvm/versions/node/v8.11.1/lib/node_modules/composer-rest-server/node_modules/express/lib/router/layer.js:95:5)
    at trim_prefix (/home/ubuntu/.nvm/versions/node/v8.11.1/lib/node_modules/composer-rest-server/node_modules/express/lib/router/index.js:317:13)
    at /home/ubuntu/.nvm/versions/node/v8.11.1/lib/node_modules/composer-rest-server/node_modules/express/lib/router/index.js:284:7
    at Function.process_params (/home/ubuntu/.nvm/versions/node/v8.11.1/lib/node_modules/composer-rest-server/node_modules/express/lib/router/index.js:335:12)
    at next (/home/ubuntu/.nvm/versions/node/v8.11.1/lib/node_modules/composer-rest-server/node_modules/express/lib/router/index.js:275:10)
    at /home/ubuntu/.nvm/versions/node/v8.11.1/lib/node_modules/composer-rest-server/node_modules/express/lib/router/index.js:635:15
    at next (/home/ubuntu/.nvm/versions/node/v8.11.1/lib/node_modules/composer-rest-server/node_modules/express/lib/router/index.js:260:14)
    at Function.handle (/home/ubuntu/.nvm/versions/node/v8.11.1/lib/node_modules/composer-rest-server/node_modules/express/lib/router/index.js:174:3)
    at router (/home/ubuntu/.nvm/versions/node/v8.11.1/lib/node_modules/composer-rest-server/node_modules/express/lib/router/index.js:47:12)
    at Layer.handle [as handle_request] (/home/ubuntu/.nvm/versions/node/v8.11.1/lib/node_modules/composer-rest-server/node_modules/express/lib/router/layer.js:95:5)
    at trim_prefix (/home/ubuntu/.nvm/versions/node/v8.11.1/lib/node_modules/composer-rest-server/node_modules/express/lib/router/index.js:317:13)
    at /home/ubuntu/.nvm/versions/node/v8.11.1/lib/node_modules/composer-rest-server/node_modules/express/lib/router/index.js:284:7
    at Function.process_params (/home/ubuntu/.nvm/versions/node/v8.11.1/lib/node_modules/composer-rest-server/node_modules/express/lib/router/index.js:335:12)
    at next (/home/ubuntu/.nvm/versions/node/v8.11.1/lib/node_modules/composer-rest-server/node_modules/express/lib/router/index.js:275:10)
    at urlencodedParser (/home/ubuntu/.nvm/versions/node/v8.11.1/lib/node_modules/composer-rest-server/node_modules/body-parser/lib/types/urlencoded.js:91:7)
events.js:183
      throw er; // Unhandled 'error' event
      ^

Error: invalid status code: 6544
    at Receiver.controlMessage (/home/ubuntu/.nvm/versions/node/v8.11.1/lib/node_modules/composer-rest-server/node_modules/ws/lib/Receiver.js:414:22)
    at Receiver.getData (/home/ubuntu/.nvm/versions/node/v8.11.1/lib/node_modules/composer-rest-server/node_modules/ws/lib/Receiver.js:325:12)
    at Receiver.startLoop (/home/ubuntu/.nvm/versions/node/v8.11.1/lib/node_modules/composer-rest-server/node_modules/ws/lib/Receiver.js:165:16)
    at Receiver.add (/home/ubuntu/.nvm/versions/node/v8.11.1/lib/node_modules/composer-rest-server/node_modules/ws/lib/Receiver.js:139:10)
    at Socket._ultron.on (/home/ubuntu/.nvm/versions/node/v8.11.1/lib/node_modules/composer-rest-server/node_modules/ws/lib/WebSocket.js:142:22)
    at emitOne (events.js:116:13)
    at Socket.emit (events.js:211:7)
    at addChunk (_stream_readable.js:263:12)
    at readableAddChunk (_stream_readable.js:250:11)
    at Socket.Readable.push (_stream_readable.js:208:10)
    at TCP.onread (net.js:607:20)
