nohup: ignoring input
Swagger: skipping unknown type "org.acme.shipping.perishable.Case".
Swagger: skipping unknown type "org.acme.shipping.perishable.Business".
Swagger: skipping unknown type "org.acme.shipping.perishable.Order".
Swagger: skipping unknown type "org.acme.shipping.perishable.Contract".
Swagger: skipping unknown type "org.acme.shipping.perishable.Case".
Swagger: skipping unknown type "org.acme.shipping.perishable.Business".
Swagger: skipping unknown type "org.acme.shipping.perishable.Order".
Swagger: skipping unknown type "org.acme.shipping.perishable.Contract".
Swagger: skipping unknown type "org.acme.shipping.perishable.Case".
Swagger: skipping unknown type "org.acme.shipping.perishable.Business".
Swagger: skipping unknown type "org.acme.shipping.perishable.Order".
Swagger: skipping unknown type "org.acme.shipping.perishable.Contract".
Swagger: skipping unknown type "org.acme.shipping.perishable.Case".
Swagger: skipping unknown type "org.acme.shipping.perishable.Business".
Swagger: skipping unknown type "org.acme.shipping.perishable.Order".
Swagger: skipping unknown type "org.acme.shipping.perishable.Contract".
Swagger: skipping unknown type "org.acme.shipping.perishable.Case".
Swagger: skipping unknown type "org.acme.shipping.perishable.Business".
Swagger: skipping unknown type "org.acme.shipping.perishable.Order".
Swagger: skipping unknown type "org.acme.shipping.perishable.Contract".
Swagger: skipping unknown type "org.acme.shipping.perishable.Case".
Swagger: skipping unknown type "org.acme.shipping.perishable.Business".
Swagger: skipping unknown type "org.acme.shipping.perishable.Order".
Swagger: skipping unknown type "org.acme.shipping.perishable.Contract".
Swagger: skipping unknown type "org.acme.shipping.perishable.Case".
Swagger: skipping unknown type "org.acme.shipping.perishable.Business".
Swagger: skipping unknown type "org.acme.shipping.perishable.Order".
Swagger: skipping unknown type "org.acme.shipping.perishable.Contract".
Swagger: skipping unknown type "org.acme.shipping.perishable.Case".
Swagger: skipping unknown type "org.acme.shipping.perishable.Business".
Swagger: skipping unknown type "org.acme.shipping.perishable.Order".
Swagger: skipping unknown type "org.acme.shipping.perishable.Contract".
Swagger: skipping unknown type "org.acme.shipping.perishable.Case".
Swagger: skipping unknown type "org.acme.shipping.perishable.Business".
Swagger: skipping unknown type "org.acme.shipping.perishable.Order".
Swagger: skipping unknown type "org.acme.shipping.perishable.Contract".
Swagger: skipping unknown type "org.acme.shipping.perishable.Case".
Swagger: skipping unknown type "org.acme.shipping.perishable.Business".
Swagger: skipping unknown type "org.acme.shipping.perishable.Order".
Swagger: skipping unknown type "org.acme.shipping.perishable.Contract".
Swagger: skipping unknown type "org.acme.shipping.perishable.Case".
Swagger: skipping unknown type "org.acme.shipping.perishable.Business".
Swagger: skipping unknown type "org.acme.shipping.perishable.Order".
Swagger: skipping unknown type "org.acme.shipping.perishable.Contract".
Swagger: skipping unknown type "org.acme.shipping.perishable.Case".
Swagger: skipping unknown type "org.acme.shipping.perishable.Business".
Swagger: skipping unknown type "org.acme.shipping.perishable.Order".
Swagger: skipping unknown type "org.acme.shipping.perishable.Contract".
Swagger: skipping unknown type "org.acme.shipping.perishable.Case".
Swagger: skipping unknown type "org.acme.shipping.perishable.Business".
Swagger: skipping unknown type "org.acme.shipping.perishable.Order".
Swagger: skipping unknown type "org.acme.shipping.perishable.Contract".
Swagger: skipping unknown type "org.acme.shipping.perishable.Case".
Swagger: skipping unknown type "org.acme.shipping.perishable.Business".
Swagger: skipping unknown type "org.acme.shipping.perishable.Order".
Swagger: skipping unknown type "org.acme.shipping.perishable.Contract".
